Using pre-set license
Built from '2020.3/release' branch; Version is '2020.3.15f2 (6cf78cb77498) revision 7141260'; Using compiler version '192528614'; Build Type 'Release'
OS: 'Windows 10 Home Single Language; OS build 19042.1237; Version 2009; 64bit' Language: 'pt' Physical Memory: 8059 MB
BatchMode: 1, IsHumanControllingUs: 0, StartBugReporterOnCrash: 0, Is64bit: 1, IsPro: 0

 COMMAND LINE ARGUMENTS:
D:\Program Files (x86)\Unity Hub\Installs\2020.3.15f2\Editor\Unity.exe
-adb2
-batchMode
-noUpm
-name
AssetImportWorker3
-projectPath
D:/Melies/2 Semestre/Proj Integrador II/Cooking Shark/ProjectCookingShark/ProjectCookingShark
-logFile
Logs/AssetImportWorker3.log
-srvPort
55409
Successfully changed project path to: D:/Melies/2 Semestre/Proj Integrador II/Cooking Shark/ProjectCookingShark/ProjectCookingShark
D:/Melies/2 Semestre/Proj Integrador II/Cooking Shark/ProjectCookingShark/ProjectCookingShark
Using Asset Import Pipeline V2.
Refreshing native plugins compatible for Editor in 53.03 ms, found 3 plugins.
Preloading 0 native plugins for Editor in 0.00 ms.
Initialize engine version: 2020.3.15f2 (6cf78cb77498)
[Subsystems] Discovering subsystems at path D:/Program Files (x86)/Unity Hub/Installs/2020.3.15f2/Editor/Data/Resources/UnitySubsystems
[Subsystems] Discovering subsystems at path D:/Melies/2 Semestre/Proj Integrador II/Cooking Shark/ProjectCookingShark/ProjectCookingShark/Assets
GfxDevice: creating device client; threaded=0
Direct3D:
    Version:  Direct3D 11.0 [level 11.1]
    Renderer: NVIDIA GeForce RTX 2060 (ID=0x1f15)
    Vendor:   
    VRAM:     5980 MB
    Driver:   30.0.14.7141
Initialize mono
Mono path[0] = 'D:/Program Files (x86)/Unity Hub/Installs/2020.3.15f2/Editor/Data/Managed'
Mono path[1] = 'D:/Program Files (x86)/Unity Hub/Installs/2020.3.15f2/Editor/Data/MonoBleedingEdge/lib/mono/unityjit'
Mono config path = 'D:/Program Files (x86)/Unity Hub/Installs/2020.3.15f2/Editor/Data/MonoBleedingEdge/etc'
Using monoOptions --debugger-agent=transport=dt_socket,embedding=1,server=y,suspend=n,address=127.0.0.1:56868
Begin MonoManager ReloadAssembly
Registering precompiled unity dll's ...
Register platform support module: D:/Program Files (x86)/Unity Hub/Installs/2020.3.15f2/Editor/Data/PlaybackEngines/WebGLSupport/UnityEditor.WebGL.Extensions.dll
Register platform support module: D:/Program Files (x86)/Unity Hub/Installs/2020.3.15f2/Editor/Data/PlaybackEngines/WindowsStandaloneSupport/UnityEditor.WindowsStandalone.Extensions.dll
Registered in 0.050426 seconds.
Native extension for WindowsStandalone target not found
Native extension for WebGL target not found
Refreshing native plugins compatible for Editor in 37.65 ms, found 3 plugins.
Preloading 0 native plugins for Editor in 0.00 ms.
Mono: successfully reloaded assembly
- Completed reload, in  4.173 seconds
Domain Reload Profiling:
	ReloadAssembly (4173ms)
		BeginReloadAssembly (44ms)
			ExecutionOrderSort (0ms)
			DisableScriptedObjects (0ms)
			BackupInstance (0ms)
			ReleaseScriptingObjects (0ms)
			CreateAndSetChildDomain (1ms)
		EndReloadAssembly (585ms)
			LoadAssemblies (60ms)
			RebuildTransferFunctionScriptingTraits (0ms)
			SetupTypeCache (155ms)
			ReleaseScriptCaches (0ms)
			RebuildScriptCaches (73ms)
			SetupLoadedEditorAssemblies (240ms)
				LogAssemblyErrors (0ms)
				InitializePlatformSupportModulesInManaged (4ms)
				SetLoadedEditorAssemblies (0ms)
				RefreshPlugins (38ms)
				BeforeProcessingInitializeOnLoad (23ms)
				ProcessInitializeOnLoadAttributes (111ms)
				ProcessInitializeOnLoadMethodAttributes (64ms)
				AfterProcessingInitializeOnLoad (0ms)
				EditorAssembliesLoaded (0ms)
			ExecutionOrderSort2 (0ms)
			AwakeInstancesAfterBackupRestoration (0ms)
Platform modules already initialized, skipping
Registering precompiled user dll's ...
Registered in 0.090926 seconds.
Begin MonoManager ReloadAssembly
Native extension for WindowsStandalone target not found
Native extension for WebGL target not found
Refreshing native plugins compatible for Editor in 41.45 ms, found 3 plugins.
Preloading 0 native plugins for Editor in 0.00 ms.
Mono: successfully reloaded assembly
- Completed reload, in  1.263 seconds
Domain Reload Profiling:
	ReloadAssembly (1281ms)
		BeginReloadAssembly (158ms)
			ExecutionOrderSort (0ms)
			DisableScriptedObjects (5ms)
			BackupInstance (0ms)
			ReleaseScriptingObjects (0ms)
			CreateAndSetChildDomain (15ms)
		EndReloadAssembly (1058ms)
			LoadAssemblies (179ms)
			RebuildTransferFunctionScriptingTraits (0ms)
			SetupTypeCache (251ms)
			ReleaseScriptCaches (0ms)
			RebuildScriptCaches (41ms)
			SetupLoadedEditorAssemblies (456ms)
				LogAssemblyErrors (0ms)
				InitializePlatformSupportModulesInManaged (4ms)
				SetLoadedEditorAssemblies (0ms)
				RefreshPlugins (42ms)
				BeforeProcessingInitializeOnLoad (68ms)
				ProcessInitializeOnLoadAttributes (310ms)
				ProcessInitializeOnLoadMethodAttributes (31ms)
				AfterProcessingInitializeOnLoad (3ms)
				EditorAssembliesLoaded (0ms)
			ExecutionOrderSort2 (0ms)
			AwakeInstancesAfterBackupRestoration (5ms)
Platform modules already initialized, skipping
========================================================================
Worker process is ready to serve import requests
Launched and connected shader compiler UnityShaderCompiler.exe after 0.15 seconds
Refreshing native plugins compatible for Editor in 0.42 ms, found 3 plugins.
Preloading 0 native plugins for Editor in 0.00 ms.
Unloading 2101 Unused Serialized files (Serialized files now loaded: 0)
System memory in use before: 94.3 MB.
System memory in use after: 94.2 MB.

Unloading 33 unused Assets to reduce memory usage. Loaded Objects now: 2535.
Total: 2.346200 ms (FindLiveObjects: 0.184200 ms CreateObjectMapping: 0.062800 ms MarkObjects: 1.950700 ms  DeleteObjects: 0.147600 ms)

AssetImportParameters requested are different than current active one (requested -> active):
  custom:framework-win-MediaFoundation: 216162199b28c13a410421893ffa2e32 -> 
  custom:video-decoder-ogg-theora: a1e56fd34408186e4bbccfd4996cb3dc -> 
  custom:container-muxer-webm: aa71ff27fc2769a1b78a27578f13a17b -> 
  custom:container-demuxer-webm: 4f35f7cbe854078d1ac9338744f61a02 -> 
  custom:container-demuxer-ogg: 62fdf1f143b41e24485cea50d1cbac27 -> 
  custom:video-encoder-webm-vp8: eb34c28f22e8b96e1ab97ce403110664 -> 
  custom:video-codec-MediaFoundation-h265: 746d11721c4dcdbdad8f713fa42b33f4 -> 
  custom:video-decoder-webm-vp8: 9c59270c3fd7afecdb556c50c9e8de78 -> 
  custom:audio-decoder-ogg-vorbis: bf7c407c2cedff20999df2af8eb42d56 -> 
  custom:audio-encoder-webm-vorbis: bf7c407c2cedff20999df2af8eb42d56 -> 
========================================================================
Received Import Request.
  path: Assets/Script
  artifactKey: Guid(7c4362340cc93ec48b52ddb961c09568) Importer(815301076,1909f56bfc062723c751e8b465ee728b)
Start importing Assets/Script using Guid(7c4362340cc93ec48b52ddb961c09568) Importer(815301076,1909f56bfc062723c751e8b465ee728b)  -> (artifact id: '0bf7318015c565d6c2a5af107792450a') in 0.029938 seconds 
  Import took 0.032483 seconds .

========================================================================
Received Import Request.
  Time since last request: 0.000269 seconds.
  path: Assets/Paninho.png
  artifactKey: Guid(1a0ebeefdf222a843abc6cde718b5227) Importer(815301076,1909f56bfc062723c751e8b465ee728b)
Start importing Assets/Paninho.png using Guid(1a0ebeefdf222a843abc6cde718b5227) Importer(815301076,1909f56bfc062723c751e8b465ee728b)  -> (artifact id: 'daf77c62eca117a790cd38b458416dcb') in 0.513908 seconds 
  Import took 0.518277 seconds .

========================================================================
Received Import Request.
  Time since last request: 419.860918 seconds.
  path: Assets/Prefabs/Ingredientes/AlgaRessecada.prefab
  artifactKey: Guid(dba4f8f1a7528f3409cf8881a1d41126) Importer(815301076,1909f56bfc062723c751e8b465ee728b)
Start importing Assets/Prefabs/Ingredientes/AlgaRessecada.prefab using Guid(dba4f8f1a7528f3409cf8881a1d41126) Importer(815301076,1909f56bfc062723c751e8b465ee728b)  -> (artifact id: 'f9962ed843637f25701d99bc2ec47851') in 0.191161 seconds 
  Import took 0.198173 seconds .

========================================================================
Received Import Request.
  Time since last request: 0.000223 seconds.
  path: Assets/Prefabs/Ingredientes/BatataDoOceâno.prefab
  artifactKey: Guid(920c7b9237dae964ea5089c14f4760a0) Importer(815301076,1909f56bfc062723c751e8b465ee728b)
Start importing Assets/Prefabs/Ingredientes/BatataDoOceâno.prefab using Guid(920c7b9237dae964ea5089c14f4760a0) Importer(815301076,1909f56bfc062723c751e8b465ee728b)  -> (artifact id: '5038e16194e045c87749c1155de4a210') in 0.008831 seconds 
  Import took 0.015333 seconds .

========================================================================
Received Import Request.
  Time since last request: 0.000363 seconds.
  path: Assets/Prefabs/Ingredientes/AnemônaPicada.prefab
  artifactKey: Guid(3f83ee67a3cb71d419d9ad62de93ed56) Importer(815301076,1909f56bfc062723c751e8b465ee728b)
Start importing Assets/Prefabs/Ingredientes/AnemônaPicada.prefab using Guid(3f83ee67a3cb71d419d9ad62de93ed56) Importer(815301076,1909f56bfc062723c751e8b465ee728b)  -> (artifact id: '5c5aa596186763d580fd2febe8bc30f3') in 0.028356 seconds 
  Import took 0.034802 seconds .

========================================================================
Received Import Request.
  Time since last request: 0.000405 seconds.
  path: Assets/Prefabs/Ingredientes/AreiaTemperada.prefab
  artifactKey: Guid(80fa1df0e72dc924e838365ff83b371b) Importer(815301076,1909f56bfc062723c751e8b465ee728b)
Start importing Assets/Prefabs/Ingredientes/AreiaTemperada.prefab using Guid(80fa1df0e72dc924e838365ff83b371b) Importer(815301076,1909f56bfc062723c751e8b465ee728b)  -> (artifact id: '6c96884537663fb6d4db91c07794f04a') in 0.009897 seconds 
  Import took 0.014767 seconds .

========================================================================
Received Import Request.
  Time since last request: 0.000254 seconds.
  path: Assets/Prefabs/Ingredientes/AlgaRessecada.prefab
  artifactKey: Guid(dba4f8f1a7528f3409cf8881a1d41126) Importer(815301076,1909f56bfc062723c751e8b465ee728b)
Start importing Assets/Prefabs/Ingredientes/AlgaRessecada.prefab using Guid(dba4f8f1a7528f3409cf8881a1d41126) Importer(815301076,1909f56bfc062723c751e8b465ee728b)  -> (artifact id: 'f9962ed843637f25701d99bc2ec47851') in 0.008138 seconds 
  Import took 0.014816 seconds .

========================================================================
Received Import Request.
  Time since last request: 116.568523 seconds.
  path: Assets/Script/Prato.cs
  artifactKey: Guid(39380ae53cfa640419a1ffee2e731ade) Importer(815301076,1909f56bfc062723c751e8b465ee728b)
Start importing Assets/Script/Prato.cs using Guid(39380ae53cfa640419a1ffee2e731ade) Importer(815301076,1909f56bfc062723c751e8b465ee728b)  -> (artifact id: '9c07307519530022cbd644d3123f1b5d') in 0.029184 seconds 
  Import took 0.032215 seconds .

========================================================================
Received Import Request.
  Time since last request: 24.841507 seconds.
  path: Assets/Prefabs/Elementos Do Cenário/PratoEmProgresso.prefab
  artifactKey: Guid(dd29d154c6f8a244684db62fc9a1ac8d) Importer(815301076,1909f56bfc062723c751e8b465ee728b)
Start importing Assets/Prefabs/Elementos Do Cenário/PratoEmProgresso.prefab using Guid(dd29d154c6f8a244684db62fc9a1ac8d) Importer(815301076,1909f56bfc062723c751e8b465ee728b)  -> (artifact id: 'fae077e3a29b131e639330e6f1ed4981') in 0.027814 seconds 
  Import took 0.032461 seconds .

========================================================================
Received Import Request.
  Time since last request: 128.563458 seconds.
  path: Assets/Prefabs/Ingredientes/ConchasRefogadas.prefab
  artifactKey: Guid(598eb3b355021ba45be2f35a3f773385) Importer(815301076,1909f56bfc062723c751e8b465ee728b)
Start importing Assets/Prefabs/Ingredientes/ConchasRefogadas.prefab using Guid(598eb3b355021ba45be2f35a3f773385) Importer(815301076,1909f56bfc062723c751e8b465ee728b)  -> (artifact id: 'c64c6b940a4cb6ad8b6cd6f645a44f72') in 0.008139 seconds 
  Import took 0.013494 seconds .

========================================================================
Received Import Request.
  Time since last request: 0.000439 seconds.
  path: Assets/Prefabs/Ingredientes/PimentaPacífica.prefab
  artifactKey: Guid(acdd5cf130b65824482fe8ab25142e0e) Importer(815301076,1909f56bfc062723c751e8b465ee728b)
Start importing Assets/Prefabs/Ingredientes/PimentaPacífica.prefab using Guid(acdd5cf130b65824482fe8ab25142e0e) Importer(815301076,1909f56bfc062723c751e8b465ee728b)  -> (artifact id: 'ed7ed13af241571c50915225a5eb4cd1') in 0.081148 seconds 
  Import took 0.086789 seconds .

========================================================================
Received Import Request.
  Time since last request: 0.000246 seconds.
  path: Assets/Prefabs/Ingredientes/RaspasDeCoral.prefab
  artifactKey: Guid(d8fbbe29946a0844a97325ceca101a88) Importer(815301076,1909f56bfc062723c751e8b465ee728b)
Start importing Assets/Prefabs/Ingredientes/RaspasDeCoral.prefab using Guid(d8fbbe29946a0844a97325ceca101a88) Importer(815301076,1909f56bfc062723c751e8b465ee728b)  -> (artifact id: 'ed8403122ba32fd6732f792295f5d934') in 0.007434 seconds 
  Import took 0.010439 seconds .

========================================================================
Received Import Request.
  Time since last request: 0.000219 seconds.
  path: Assets/Prefabs/Ingredientes/SalOceânico.prefab
  artifactKey: Guid(7d364e35cae4fa04f91909a06bc1cff6) Importer(815301076,1909f56bfc062723c751e8b465ee728b)
Start importing Assets/Prefabs/Ingredientes/SalOceânico.prefab using Guid(7d364e35cae4fa04f91909a06bc1cff6) Importer(815301076,1909f56bfc062723c751e8b465ee728b)  -> (artifact id: '018e22cf05b399c858ce68161d68b4bc') in 0.011110 seconds 
  Import took 0.019770 seconds .

========================================================================
Received Prepare
Registering precompiled user dll's ...
Registered in 0.003510 seconds.
Begin MonoManager ReloadAssembly
Native extension for WindowsStandalone target not found
Native extension for WebGL target not found
Refreshing native plugins compatible for Editor in 0.55 ms, found 3 plugins.
Preloading 0 native plugins for Editor in 0.00 ms.
Mono: successfully reloaded assembly
- Completed reload, in  0.980 seconds
Domain Reload Profiling:
	ReloadAssembly (980ms)
		BeginReloadAssembly (115ms)
			ExecutionOrderSort (0ms)
			DisableScriptedObjects (9ms)
			BackupInstance (0ms)
			ReleaseScriptingObjects (0ms)
			CreateAndSetChildDomain (33ms)
		EndReloadAssembly (818ms)
			LoadAssemblies (73ms)
			RebuildTransferFunctionScriptingTraits (0ms)
			SetupTypeCache (250ms)
			ReleaseScriptCaches (3ms)
			RebuildScriptCaches (42ms)
			SetupLoadedEditorAssemblies (353ms)
				LogAssemblyErrors (0ms)
				InitializePlatformSupportModulesInManaged (7ms)
				SetLoadedEditorAssemblies (0ms)
				RefreshPlugins (1ms)
				BeforeProcessingInitializeOnLoad (69ms)
				ProcessInitializeOnLoadAttributes (269ms)
				ProcessInitializeOnLoadMethodAttributes (5ms)
				AfterProcessingInitializeOnLoad (2ms)
				EditorAssembliesLoaded (0ms)
			ExecutionOrderSort2 (0ms)
			AwakeInstancesAfterBackupRestoration (9ms)
Platform modules already initialized, skipping
Refreshing native plugins compatible for Editor in 0.59 ms, found 3 plugins.
Preloading 0 native plugins for Editor in 0.00 ms.
Unloading 2096 Unused Serialized files (Serialized files now loaded: 0)
System memory in use before: 97.3 MB.
System memory in use after: 97.3 MB.

Unloading 22 unused Assets to reduce memory usage. Loaded Objects now: 2550.
Total: 4.550800 ms (FindLiveObjects: 0.970700 ms CreateObjectMapping: 0.187300 ms MarkObjects: 3.231100 ms  DeleteObjects: 0.158500 ms)

AssetImportParameters requested are different than current active one (requested -> active):
  custom:framework-win-MediaFoundation: 216162199b28c13a410421893ffa2e32 -> 
  custom:video-decoder-ogg-theora: a1e56fd34408186e4bbccfd4996cb3dc -> 
  custom:container-muxer-webm: aa71ff27fc2769a1b78a27578f13a17b -> 
  custom:container-demuxer-webm: 4f35f7cbe854078d1ac9338744f61a02 -> 
  custom:container-demuxer-ogg: 62fdf1f143b41e24485cea50d1cbac27 -> 
  custom:video-encoder-webm-vp8: eb34c28f22e8b96e1ab97ce403110664 -> 
  custom:video-codec-MediaFoundation-h265: 746d11721c4dcdbdad8f713fa42b33f4 -> 
  custom:video-decoder-webm-vp8: 9c59270c3fd7afecdb556c50c9e8de78 -> 
  custom:audio-decoder-ogg-vorbis: bf7c407c2cedff20999df2af8eb42d56 -> 
  custom:audio-encoder-webm-vorbis: bf7c407c2cedff20999df2af8eb42d56 -> 
========================================================================
Received Import Request.
  Time since last request: 11.155789 seconds.
  path: Assets/Prefabs/Ingredientes/AlgaRessecada.prefab
  artifactKey: Guid(dba4f8f1a7528f3409cf8881a1d41126) Importer(815301076,1909f56bfc062723c751e8b465ee728b)
Start importing Assets/Prefabs/Ingredientes/AlgaRessecada.prefab using Guid(dba4f8f1a7528f3409cf8881a1d41126) Importer(815301076,1909f56bfc062723c751e8b465ee728b)  -> (artifact id: 'c09a17687d089cc4a6c9d6e339199084') in 0.044856 seconds 
  Import took 0.048196 seconds .

========================================================================
Received Import Request.
  Time since last request: 10.960875 seconds.
  path: Assets/Prefabs/Ingredientes/AnemônaPicada.prefab
  artifactKey: Guid(3f83ee67a3cb71d419d9ad62de93ed56) Importer(815301076,1909f56bfc062723c751e8b465ee728b)
Start importing Assets/Prefabs/Ingredientes/AnemônaPicada.prefab using Guid(3f83ee67a3cb71d419d9ad62de93ed56) Importer(815301076,1909f56bfc062723c751e8b465ee728b)  -> (artifact id: '4812e356a1e1291c3bda4aefbd2c32fa') in 0.005966 seconds 
  Import took 0.008899 seconds .

========================================================================
Received Import Request.
  Time since last request: 0.013430 seconds.
  path: Assets/Prefabs/Ingredientes/AnemônaPicada.prefab
  artifactKey: Guid(3f83ee67a3cb71d419d9ad62de93ed56) Importer(815301076,1909f56bfc062723c751e8b465ee728b)
Start importing Assets/Prefabs/Ingredientes/AnemônaPicada.prefab using Guid(3f83ee67a3cb71d419d9ad62de93ed56) Importer(815301076,1909f56bfc062723c751e8b465ee728b)  -> (artifact id: '4812e356a1e1291c3bda4aefbd2c32fa') in 0.012372 seconds 
  Import took 0.020137 seconds .

========================================================================
Received Import Request.
  Time since last request: 7.920324 seconds.
  path: Assets/Prefabs/Ingredientes/AreiaTemperada.prefab
  artifactKey: Guid(80fa1df0e72dc924e838365ff83b371b) Importer(815301076,1909f56bfc062723c751e8b465ee728b)
Start importing Assets/Prefabs/Ingredientes/AreiaTemperada.prefab using Guid(80fa1df0e72dc924e838365ff83b371b) Importer(815301076,1909f56bfc062723c751e8b465ee728b)  -> (artifact id: 'bc09ba5b82b8984b391747586de79b20') in 0.007622 seconds 
  Import took 0.011093 seconds .

========================================================================
Received Import Request.
  Time since last request: 0.007365 seconds.
  path: Assets/Prefabs/Ingredientes/AreiaTemperada.prefab
  artifactKey: Guid(80fa1df0e72dc924e838365ff83b371b) Importer(815301076,1909f56bfc062723c751e8b465ee728b)
Start importing Assets/Prefabs/Ingredientes/AreiaTemperada.prefab using Guid(80fa1df0e72dc924e838365ff83b371b) Importer(815301076,1909f56bfc062723c751e8b465ee728b)  -> (artifact id: 'bc09ba5b82b8984b391747586de79b20') in 0.015380 seconds 
  Import took 0.022190 seconds .

========================================================================
Received Import Request.
  Time since last request: 18.806218 seconds.
  path: Assets/Prefabs/Ingredientes/BatataDoOceâno.prefab
  artifactKey: Guid(920c7b9237dae964ea5089c14f4760a0) Importer(815301076,1909f56bfc062723c751e8b465ee728b)
Start importing Assets/Prefabs/Ingredientes/BatataDoOceâno.prefab using Guid(920c7b9237dae964ea5089c14f4760a0) Importer(815301076,1909f56bfc062723c751e8b465ee728b)  -> (artifact id: '64d4e00845853de8e964afdfc65424c0') in 0.008512 seconds 
  Import took 0.012230 seconds .

========================================================================
Received Import Request.
  Time since last request: 0.007989 seconds.
  path: Assets/Prefabs/Ingredientes/BatataDoOceâno.prefab
  artifactKey: Guid(920c7b9237dae964ea5089c14f4760a0) Importer(815301076,1909f56bfc062723c751e8b465ee728b)
Start importing Assets/Prefabs/Ingredientes/BatataDoOceâno.prefab using Guid(920c7b9237dae964ea5089c14f4760a0) Importer(815301076,1909f56bfc062723c751e8b465ee728b)  -> (artifact id: '64d4e00845853de8e964afdfc65424c0') in 0.010198 seconds 
  Import took 0.016622 seconds .

========================================================================
Received Import Request.
  Time since last request: 9.556347 seconds.
  path: Assets/Prefabs/Ingredientes/ConchasRefogadas.prefab
  artifactKey: Guid(598eb3b355021ba45be2f35a3f773385) Importer(815301076,1909f56bfc062723c751e8b465ee728b)
Start importing Assets/Prefabs/Ingredientes/ConchasRefogadas.prefab using Guid(598eb3b355021ba45be2f35a3f773385) Importer(815301076,1909f56bfc062723c751e8b465ee728b)  -> (artifact id: '49139bf5d9041d6eed8969abd1945526') in 0.006551 seconds 
  Import took 0.010179 seconds .

========================================================================
Received Import Request.
  Time since last request: 0.011247 seconds.
  path: Assets/Prefabs/Ingredientes/ConchasRefogadas.prefab
  artifactKey: Guid(598eb3b355021ba45be2f35a3f773385) Importer(815301076,1909f56bfc062723c751e8b465ee728b)
Start importing Assets/Prefabs/Ingredientes/ConchasRefogadas.prefab using Guid(598eb3b355021ba45be2f35a3f773385) Importer(815301076,1909f56bfc062723c751e8b465ee728b)  -> (artifact id: '49139bf5d9041d6eed8969abd1945526') in 0.008442 seconds 
  Import took 0.017274 seconds .

========================================================================
Received Import Request.
  Time since last request: 7.191728 seconds.
  path: Assets/Prefabs/Ingredientes/PimentaPacífica.prefab
  artifactKey: Guid(acdd5cf130b65824482fe8ab25142e0e) Importer(815301076,1909f56bfc062723c751e8b465ee728b)
Start importing Assets/Prefabs/Ingredientes/PimentaPacífica.prefab using Guid(acdd5cf130b65824482fe8ab25142e0e) Importer(815301076,1909f56bfc062723c751e8b465ee728b)  -> (artifact id: 'c26f7a4c7c4a43f60902f2985cf9adbb') in 0.006195 seconds 
  Import took 0.009465 seconds .

========================================================================
Received Import Request.
  Time since last request: 0.009984 seconds.
  path: Assets/Prefabs/Ingredientes/PimentaPacífica.prefab
  artifactKey: Guid(acdd5cf130b65824482fe8ab25142e0e) Importer(815301076,1909f56bfc062723c751e8b465ee728b)
Start importing Assets/Prefabs/Ingredientes/PimentaPacífica.prefab using Guid(acdd5cf130b65824482fe8ab25142e0e) Importer(815301076,1909f56bfc062723c751e8b465ee728b)  -> (artifact id: 'c26f7a4c7c4a43f60902f2985cf9adbb') in 0.012882 seconds 
  Import took 0.017809 seconds .

========================================================================
Received Import Request.
  Time since last request: 15.034195 seconds.
  path: Assets/Prefabs/Ingredientes/RaspasDeCoral.prefab
  artifactKey: Guid(d8fbbe29946a0844a97325ceca101a88) Importer(815301076,1909f56bfc062723c751e8b465ee728b)
Start importing Assets/Prefabs/Ingredientes/RaspasDeCoral.prefab using Guid(d8fbbe29946a0844a97325ceca101a88) Importer(815301076,1909f56bfc062723c751e8b465ee728b)  -> (artifact id: '5111ebd15d1c14d19eacb636d3ac5766') in 0.031221 seconds 
  Import took 0.035755 seconds .

========================================================================
Received Import Request.
  Time since last request: 0.000914 seconds.
  path: Assets/Prefabs/Ingredientes/RaspasDeCoral.prefab
  artifactKey: Guid(d8fbbe29946a0844a97325ceca101a88) Importer(815301076,1909f56bfc062723c751e8b465ee728b)
Start importing Assets/Prefabs/Ingredientes/RaspasDeCoral.prefab using Guid(d8fbbe29946a0844a97325ceca101a88) Importer(815301076,1909f56bfc062723c751e8b465ee728b)  -> (artifact id: '5111ebd15d1c14d19eacb636d3ac5766') in 0.011022 seconds 
  Import took 0.016070 seconds .

========================================================================
Received Import Request.
  Time since last request: 8.072558 seconds.
  path: Assets/Prefabs/Ingredientes/SalOceânico.prefab
  artifactKey: Guid(7d364e35cae4fa04f91909a06bc1cff6) Importer(815301076,1909f56bfc062723c751e8b465ee728b)
Start importing Assets/Prefabs/Ingredientes/SalOceânico.prefab using Guid(7d364e35cae4fa04f91909a06bc1cff6) Importer(815301076,1909f56bfc062723c751e8b465ee728b)  -> (artifact id: 'd5a494b4e43b764067f2ed737114194f') in 0.006155 seconds 
  Import took 0.009608 seconds .

========================================================================
Received Import Request.
  Time since last request: 0.009310 seconds.
  path: Assets/Prefabs/Ingredientes/SalOceânico.prefab
  artifactKey: Guid(7d364e35cae4fa04f91909a06bc1cff6) Importer(815301076,1909f56bfc062723c751e8b465ee728b)
Start importing Assets/Prefabs/Ingredientes/SalOceânico.prefab using Guid(7d364e35cae4fa04f91909a06bc1cff6) Importer(815301076,1909f56bfc062723c751e8b465ee728b)  -> (artifact id: 'd5a494b4e43b764067f2ed737114194f') in 0.009928 seconds 
  Import took 0.016211 seconds .

========================================================================
Received Import Request.
  Time since last request: 18.159237 seconds.
  path: Assets/Prefabs/Elementos Do Cenário/PratoEmProgresso.prefab
  artifactKey: Guid(dd29d154c6f8a244684db62fc9a1ac8d) Importer(815301076,1909f56bfc062723c751e8b465ee728b)
Start importing Assets/Prefabs/Elementos Do Cenário/PratoEmProgresso.prefab using Guid(dd29d154c6f8a244684db62fc9a1ac8d) Importer(815301076,1909f56bfc062723c751e8b465ee728b)  -> (artifact id: '8b21f5561179eeafbee4dcec69907a1b') in 0.031744 seconds 
  Import took 0.037697 seconds .

========================================================================
Received Import Request.
  Time since last request: 3.835140 seconds.
  path: Assets/Prefabs/Elementos Do Cenário/PratoEmProgresso.prefab
  artifactKey: Guid(dd29d154c6f8a244684db62fc9a1ac8d) Importer(815301076,1909f56bfc062723c751e8b465ee728b)
Start importing Assets/Prefabs/Elementos Do Cenário/PratoEmProgresso.prefab using Guid(dd29d154c6f8a244684db62fc9a1ac8d) Importer(815301076,1909f56bfc062723c751e8b465ee728b)  -> (artifact id: '54e44e718a9e9d97d9431c2af1837ac1') in 0.008527 seconds 
  Import took 0.012195 seconds .

========================================================================
Received Import Request.
  Time since last request: 0.012413 seconds.
  path: Assets/Prefabs/Elementos Do Cenário/PratoEmProgresso.prefab
  artifactKey: Guid(dd29d154c6f8a244684db62fc9a1ac8d) Importer(815301076,1909f56bfc062723c751e8b465ee728b)
Start importing Assets/Prefabs/Elementos Do Cenário/PratoEmProgresso.prefab using Guid(dd29d154c6f8a244684db62fc9a1ac8d) Importer(815301076,1909f56bfc062723c751e8b465ee728b)  -> (artifact id: '54e44e718a9e9d97d9431c2af1837ac1') in 0.012220 seconds 
  Import took 0.016401 seconds .

========================================================================
Received Import Request.
  Time since last request: 4.857944 seconds.
  path: Assets/Prefabs/Elementos Do Cenário/PratoEmProgresso.prefab
  artifactKey: Guid(dd29d154c6f8a244684db62fc9a1ac8d) Importer(815301076,1909f56bfc062723c751e8b465ee728b)
Start importing Assets/Prefabs/Elementos Do Cenário/PratoEmProgresso.prefab using Guid(dd29d154c6f8a244684db62fc9a1ac8d) Importer(815301076,1909f56bfc062723c751e8b465ee728b)  -> (artifact id: 'eff74e9b9467417ff9c5fd1204058c64') in 0.007069 seconds 
  Import took 0.010517 seconds .

========================================================================
Received Import Request.
  Time since last request: 0.008667 seconds.
  path: Assets/Prefabs/Elementos Do Cenário/PratoEmProgresso.prefab
  artifactKey: Guid(dd29d154c6f8a244684db62fc9a1ac8d) Importer(815301076,1909f56bfc062723c751e8b465ee728b)
Start importing Assets/Prefabs/Elementos Do Cenário/PratoEmProgresso.prefab using Guid(dd29d154c6f8a244684db62fc9a1ac8d) Importer(815301076,1909f56bfc062723c751e8b465ee728b)  -> (artifact id: 'eff74e9b9467417ff9c5fd1204058c64') in 0.013076 seconds 
  Import took 0.018582 seconds .

========================================================================
Received Prepare
Registering precompiled user dll's ...
Registered in 0.004993 seconds.
Begin MonoManager ReloadAssembly
Native extension for WindowsStandalone target not found
Native extension for WebGL target not found
Refreshing native plugins compatible for Editor in 0.43 ms, found 3 plugins.
Preloading 0 native plugins for Editor in 0.00 ms.
Mono: successfully reloaded assembly
- Completed reload, in  0.989 seconds
Domain Reload Profiling:
	ReloadAssembly (989ms)
		BeginReloadAssembly (97ms)
			ExecutionOrderSort (0ms)
			DisableScriptedObjects (5ms)
			BackupInstance (0ms)
			ReleaseScriptingObjects (0ms)
			CreateAndSetChildDomain (33ms)
		EndReloadAssembly (843ms)
			LoadAssemblies (95ms)
			RebuildTransferFunctionScriptingTraits (0ms)
			SetupTypeCache (253ms)
			ReleaseScriptCaches (1ms)
			RebuildScriptCaches (39ms)
			SetupLoadedEditorAssemblies (362ms)
				LogAssemblyErrors (0ms)
				InitializePlatformSupportModulesInManaged (5ms)
				SetLoadedEditorAssemblies (0ms)
				RefreshPlugins (0ms)
				BeforeProcessingInitializeOnLoad (69ms)
				ProcessInitializeOnLoadAttributes (280ms)
				ProcessInitializeOnLoadMethodAttributes (5ms)
				AfterProcessingInitializeOnLoad (3ms)
				EditorAssembliesLoaded (0ms)
			ExecutionOrderSort2 (0ms)
			AwakeInstancesAfterBackupRestoration (9ms)
Platform modules already initialized, skipping
Refreshing native plugins compatible for Editor in 0.58 ms, found 3 plugins.
Preloading 0 native plugins for Editor in 0.00 ms.
Unloading 2096 Unused Serialized files (Serialized files now loaded: 0)
System memory in use before: 97.3 MB.
System memory in use after: 97.3 MB.

Unloading 22 unused Assets to reduce memory usage. Loaded Objects now: 2554.
Total: 2.189900 ms (FindLiveObjects: 0.183600 ms CreateObjectMapping: 0.071000 ms MarkObjects: 1.836900 ms  DeleteObjects: 0.097500 ms)

AssetImportParameters requested are different than current active one (requested -> active):
  custom:framework-win-MediaFoundation: 216162199b28c13a410421893ffa2e32 -> 
  custom:video-decoder-ogg-theora: a1e56fd34408186e4bbccfd4996cb3dc -> 
  custom:container-muxer-webm: aa71ff27fc2769a1b78a27578f13a17b -> 
  custom:container-demuxer-webm: 4f35f7cbe854078d1ac9338744f61a02 -> 
  custom:container-demuxer-ogg: 62fdf1f143b41e24485cea50d1cbac27 -> 
  custom:video-encoder-webm-vp8: eb34c28f22e8b96e1ab97ce403110664 -> 
  custom:video-codec-MediaFoundation-h265: 746d11721c4dcdbdad8f713fa42b33f4 -> 
  custom:video-decoder-webm-vp8: 9c59270c3fd7afecdb556c50c9e8de78 -> 
  custom:audio-decoder-ogg-vorbis: bf7c407c2cedff20999df2af8eb42d56 -> 
  custom:audio-encoder-webm-vorbis: bf7c407c2cedff20999df2af8eb42d56 -> 
AssetImportWorkerClient::OnTransportError - code=2 error=End of file
