Using pre-set license
Built from '2020.3/release' branch; Version is '2020.3.15f2 (6cf78cb77498) revision 7141260'; Using compiler version '192528614'; Build Type 'Release'
OS: 'Windows 10 Home Single Language; OS build 19042.1288; Version 2009; 64bit' Language: 'pt' Physical Memory: 8059 MB
BatchMode: 1, IsHumanControllingUs: 0, StartBugReporterOnCrash: 0, Is64bit: 1, IsPro: 0

 COMMAND LINE ARGUMENTS:
D:\Program Files (x86)\Unity Hub\Installs\2020.3.15f2\Editor\Unity.exe
-adb2
-batchMode
-noUpm
-name
AssetImportWorker2
-projectPath
D:/Melies/2 Semestre/Proj Integrador II/Cooking Shark/ProjectCookingShark/ProjectCookingShark
-logFile
Logs/AssetImportWorker2.log
-srvPort
51327
Successfully changed project path to: D:/Melies/2 Semestre/Proj Integrador II/Cooking Shark/ProjectCookingShark/ProjectCookingShark
D:/Melies/2 Semestre/Proj Integrador II/Cooking Shark/ProjectCookingShark/ProjectCookingShark
Using Asset Import Pipeline V2.
Refreshing native plugins compatible for Editor in 35.17 ms, found 3 plugins.
Preloading 0 native plugins for Editor in 0.00 ms.
Initialize engine version: 2020.3.15f2 (6cf78cb77498)
[Subsystems] Discovering subsystems at path D:/Program Files (x86)/Unity Hub/Installs/2020.3.15f2/Editor/Data/Resources/UnitySubsystems
[Subsystems] Discovering subsystems at path D:/Melies/2 Semestre/Proj Integrador II/Cooking Shark/ProjectCookingShark/ProjectCookingShark/Assets
GfxDevice: creating device client; threaded=0
Direct3D:
    Version:  Direct3D 11.0 [level 11.1]
    Renderer: NVIDIA GeForce RTX 2060 (ID=0x1f15)
    Vendor:   
    VRAM:     5980 MB
    Driver:   30.0.14.7141
Initialize mono
Mono path[0] = 'D:/Program Files (x86)/Unity Hub/Installs/2020.3.15f2/Editor/Data/Managed'
Mono path[1] = 'D:/Program Files (x86)/Unity Hub/Installs/2020.3.15f2/Editor/Data/MonoBleedingEdge/lib/mono/unityjit'
Mono config path = 'D:/Program Files (x86)/Unity Hub/Installs/2020.3.15f2/Editor/Data/MonoBleedingEdge/etc'
Using monoOptions --debugger-agent=transport=dt_socket,embedding=1,server=y,suspend=n,address=127.0.0.1:56688
Begin MonoManager ReloadAssembly
Registering precompiled unity dll's ...
Register platform support module: D:/Program Files (x86)/Unity Hub/Installs/2020.3.15f2/Editor/Data/PlaybackEngines/WebGLSupport/UnityEditor.WebGL.Extensions.dll
Register platform support module: D:/Program Files (x86)/Unity Hub/Installs/2020.3.15f2/Editor/Data/PlaybackEngines/WindowsStandaloneSupport/UnityEditor.WindowsStandalone.Extensions.dll
Registered in 0.001011 seconds.
Native extension for WindowsStandalone target not found
Native extension for WebGL target not found
Refreshing native plugins compatible for Editor in 35.95 ms, found 3 plugins.
Preloading 0 native plugins for Editor in 0.00 ms.
Mono: successfully reloaded assembly
- Completed reload, in  0.848 seconds
Domain Reload Profiling:
	ReloadAssembly (848ms)
		BeginReloadAssembly (40ms)
			ExecutionOrderSort (0ms)
			DisableScriptedObjects (0ms)
			BackupInstance (0ms)
			ReleaseScriptingObjects (0ms)
			CreateAndSetChildDomain (1ms)
		EndReloadAssembly (334ms)
			LoadAssemblies (39ms)
			RebuildTransferFunctionScriptingTraits (0ms)
			SetupTypeCache (121ms)
			ReleaseScriptCaches (0ms)
			RebuildScriptCaches (25ms)
			SetupLoadedEditorAssemblies (135ms)
				LogAssemblyErrors (0ms)
				InitializePlatformSupportModulesInManaged (4ms)
				SetLoadedEditorAssemblies (0ms)
				RefreshPlugins (36ms)
				BeforeProcessingInitializeOnLoad (11ms)
				ProcessInitializeOnLoadAttributes (62ms)
				ProcessInitializeOnLoadMethodAttributes (22ms)
				AfterProcessingInitializeOnLoad (0ms)
				EditorAssembliesLoaded (0ms)
			ExecutionOrderSort2 (0ms)
			AwakeInstancesAfterBackupRestoration (0ms)
Platform modules already initialized, skipping
Registering precompiled user dll's ...
Registered in 0.002104 seconds.
Begin MonoManager ReloadAssembly
Native extension for WindowsStandalone target not found
Native extension for WebGL target not found
Refreshing native plugins compatible for Editor in 39.20 ms, found 3 plugins.
Preloading 0 native plugins for Editor in 0.00 ms.
Mono: successfully reloaded assembly
- Completed reload, in  1.792 seconds
Domain Reload Profiling:
	ReloadAssembly (1793ms)
		BeginReloadAssembly (113ms)
			ExecutionOrderSort (0ms)
			DisableScriptedObjects (5ms)
			BackupInstance (0ms)
			ReleaseScriptingObjects (0ms)
			CreateAndSetChildDomain (14ms)
		EndReloadAssembly (1636ms)
			LoadAssemblies (875ms)
			RebuildTransferFunctionScriptingTraits (0ms)
			SetupTypeCache (238ms)
			ReleaseScriptCaches (0ms)
			RebuildScriptCaches (41ms)
			SetupLoadedEditorAssemblies (370ms)
				LogAssemblyErrors (0ms)
				InitializePlatformSupportModulesInManaged (4ms)
				SetLoadedEditorAssemblies (0ms)
				RefreshPlugins (39ms)
				BeforeProcessingInitializeOnLoad (60ms)
				ProcessInitializeOnLoadAttributes (255ms)
				ProcessInitializeOnLoadMethodAttributes (10ms)
				AfterProcessingInitializeOnLoad (2ms)
				EditorAssembliesLoaded (0ms)
			ExecutionOrderSort2 (0ms)
			AwakeInstancesAfterBackupRestoration (5ms)
Platform modules already initialized, skipping
========================================================================
Worker process is ready to serve import requests
Launched and connected shader compiler UnityShaderCompiler.exe after 0.28 seconds
Refreshing native plugins compatible for Editor in 0.48 ms, found 3 plugins.
Preloading 0 native plugins for Editor in 0.00 ms.
Unloading 2117 Unused Serialized files (Serialized files now loaded: 0)
System memory in use before: 94.7 MB.
System memory in use after: 94.7 MB.

Unloading 33 unused Assets to reduce memory usage. Loaded Objects now: 2551.
Total: 2.318400 ms (FindLiveObjects: 0.169900 ms CreateObjectMapping: 0.057800 ms MarkObjects: 1.950700 ms  DeleteObjects: 0.139300 ms)

AssetImportParameters requested are different than current active one (requested -> active):
  custom:framework-win-MediaFoundation: 216162199b28c13a410421893ffa2e32 -> 
  custom:video-decoder-ogg-theora: a1e56fd34408186e4bbccfd4996cb3dc -> 
  custom:container-muxer-webm: aa71ff27fc2769a1b78a27578f13a17b -> 
  custom:container-demuxer-webm: 4f35f7cbe854078d1ac9338744f61a02 -> 
  custom:container-demuxer-ogg: 62fdf1f143b41e24485cea50d1cbac27 -> 
  custom:video-encoder-webm-vp8: eb34c28f22e8b96e1ab97ce403110664 -> 
  custom:video-codec-MediaFoundation-h265: 746d11721c4dcdbdad8f713fa42b33f4 -> 
  custom:video-decoder-webm-vp8: 9c59270c3fd7afecdb556c50c9e8de78 -> 
  custom:audio-decoder-ogg-vorbis: bf7c407c2cedff20999df2af8eb42d56 -> 
  custom:audio-encoder-webm-vorbis: bf7c407c2cedff20999df2af8eb42d56 -> 
========================================================================
Received Import Request.
  path: Assets/Script/Genericas/Positions.cs
  artifactKey: Guid(caf003d9d43730149a8050c266715c60) Importer(815301076,1909f56bfc062723c751e8b465ee728b)
Start importing Assets/Script/Genericas/Positions.cs using Guid(caf003d9d43730149a8050c266715c60) Importer(815301076,1909f56bfc062723c751e8b465ee728b)  -> (artifact id: '8b9a3b7e75f5868f96e54a629fef6580') in 0.200067 seconds 
  Import took 0.202925 seconds .

========================================================================
Received Import Request.
  Time since last request: 0.000234 seconds.
  path: Assets/Scenes/Jogo/MenuInicial.unity
  artifactKey: Guid(1d8fa95df92794e4e92e11b50dfd7a05) Importer(815301076,1909f56bfc062723c751e8b465ee728b)
Start importing Assets/Scenes/Jogo/MenuInicial.unity using Guid(1d8fa95df92794e4e92e11b50dfd7a05) Importer(815301076,1909f56bfc062723c751e8b465ee728b)  -> (artifact id: '5d90f41b172f38ac664a26bf413a49c7') in 0.011259 seconds 
  Import took 0.013929 seconds .

========================================================================
Received Import Request.
  Time since last request: 0.000121 seconds.
  path: Assets/Script/Genericas
  artifactKey: Guid(06ae6c424154a7041a2e85e9805e96b8) Importer(815301076,1909f56bfc062723c751e8b465ee728b)
Start importing Assets/Script/Genericas using Guid(06ae6c424154a7041a2e85e9805e96b8) Importer(815301076,1909f56bfc062723c751e8b465ee728b)  -> (artifact id: 'c62bdd257ff1ae609ac101c5685c1c5f') in 0.004907 seconds 
  Import took 0.007378 seconds .

========================================================================
Received Import Request.
  Time since last request: 0.005493 seconds.
  path: Assets/Script
  artifactKey: Guid(7c4362340cc93ec48b52ddb961c09568) Importer(815301076,1909f56bfc062723c751e8b465ee728b)
Start importing Assets/Script using Guid(7c4362340cc93ec48b52ddb961c09568) Importer(815301076,1909f56bfc062723c751e8b465ee728b)  -> (artifact id: '0bf7318015c565d6c2a5af107792450a') in 0.052457 seconds 
  Import took 0.055518 seconds .

========================================================================
Received Import Request.
  Time since last request: 0.000320 seconds.
  path: Assets/Scenes/Jogo
  artifactKey: Guid(32b4c6320f1133b41995f6b680091f89) Importer(815301076,1909f56bfc062723c751e8b465ee728b)
Start importing Assets/Scenes/Jogo using Guid(32b4c6320f1133b41995f6b680091f89) Importer(815301076,1909f56bfc062723c751e8b465ee728b)  -> (artifact id: '922f2587a18752fa6b2c99e81b99bc7d') in 0.005125 seconds 
  Import took 0.007798 seconds .

========================================================================
Received Import Request.
  Time since last request: 0.000259 seconds.
  path: Assets/Script/Fluxo de Jogo
  artifactKey: Guid(d7c5c97866e85974a8fcb34bb802043f) Importer(815301076,1909f56bfc062723c751e8b465ee728b)
Start importing Assets/Script/Fluxo de Jogo using Guid(d7c5c97866e85974a8fcb34bb802043f) Importer(815301076,1909f56bfc062723c751e8b465ee728b)  -> (artifact id: 'b2775ee14f7f95b981de47458d9d1de3') in 0.005297 seconds 
  Import took 0.007880 seconds .

========================================================================
Received Import Request.
  Time since last request: 0.000262 seconds.
  path: Assets/Script/Menu Inicial
  artifactKey: Guid(84231b4047d4f944b93719ef59e4ec19) Importer(815301076,1909f56bfc062723c751e8b465ee728b)
Start importing Assets/Script/Menu Inicial using Guid(84231b4047d4f944b93719ef59e4ec19) Importer(815301076,1909f56bfc062723c751e8b465ee728b)  -> (artifact id: '00ac1f537855ad7b3553172d8fbc7655') in 0.004919 seconds 
  Import took 0.007314 seconds .

========================================================================
Received Import Request.
  Time since last request: 0.000224 seconds.
  path: Assets/Scenes
  artifactKey: Guid(a68ee3da20eb0ba42ba7a0fd4e5e04ce) Importer(815301076,1909f56bfc062723c751e8b465ee728b)
Start importing Assets/Scenes using Guid(a68ee3da20eb0ba42ba7a0fd4e5e04ce) Importer(815301076,1909f56bfc062723c751e8b465ee728b)  -> (artifact id: '62d1af51f0141e72e9ae3f48519b2b55') in 0.004547 seconds 
  Import took 0.007104 seconds .

========================================================================
Received Prepare
Registering precompiled user dll's ...
Registered in 0.042837 seconds.
Begin MonoManager ReloadAssembly
Native extension for WindowsStandalone target not found
Native extension for WebGL target not found
Refreshing native plugins compatible for Editor in 1.00 ms, found 3 plugins.
Preloading 0 native plugins for Editor in 0.00 ms.
Mono: successfully reloaded assembly
- Completed reload, in  1.143 seconds
Domain Reload Profiling:
	ReloadAssembly (1143ms)
		BeginReloadAssembly (122ms)
			ExecutionOrderSort (0ms)
			DisableScriptedObjects (6ms)
			BackupInstance (0ms)
			ReleaseScriptingObjects (0ms)
			CreateAndSetChildDomain (43ms)
		EndReloadAssembly (964ms)
			LoadAssemblies (89ms)
			RebuildTransferFunctionScriptingTraits (0ms)
			SetupTypeCache (323ms)
			ReleaseScriptCaches (1ms)
			RebuildScriptCaches (43ms)
			SetupLoadedEditorAssemblies (392ms)
				LogAssemblyErrors (0ms)
				InitializePlatformSupportModulesInManaged (6ms)
				SetLoadedEditorAssemblies (0ms)
				RefreshPlugins (1ms)
				BeforeProcessingInitializeOnLoad (79ms)
				ProcessInitializeOnLoadAttributes (297ms)
				ProcessInitializeOnLoadMethodAttributes (6ms)
				AfterProcessingInitializeOnLoad (2ms)
				EditorAssembliesLoaded (0ms)
			ExecutionOrderSort2 (0ms)
			AwakeInstancesAfterBackupRestoration (13ms)
Platform modules already initialized, skipping
Refreshing native plugins compatible for Editor in 0.63 ms, found 3 plugins.
Preloading 0 native plugins for Editor in 0.00 ms.
Unloading 2112 Unused Serialized files (Serialized files now loaded: 0)
System memory in use before: 94.7 MB.
System memory in use after: 94.7 MB.

Unloading 21 unused Assets to reduce memory usage. Loaded Objects now: 2554.
Total: 3.078600 ms (FindLiveObjects: 0.265600 ms CreateObjectMapping: 0.086600 ms MarkObjects: 2.589400 ms  DeleteObjects: 0.135300 ms)

AssetImportParameters requested are different than current active one (requested -> active):
  custom:framework-win-MediaFoundation: 216162199b28c13a410421893ffa2e32 -> 
  custom:video-decoder-ogg-theora: a1e56fd34408186e4bbccfd4996cb3dc -> 
  custom:container-muxer-webm: aa71ff27fc2769a1b78a27578f13a17b -> 
  custom:container-demuxer-webm: 4f35f7cbe854078d1ac9338744f61a02 -> 
  custom:container-demuxer-ogg: 62fdf1f143b41e24485cea50d1cbac27 -> 
  custom:video-encoder-webm-vp8: eb34c28f22e8b96e1ab97ce403110664 -> 
  custom:video-codec-MediaFoundation-h265: 746d11721c4dcdbdad8f713fa42b33f4 -> 
  custom:video-decoder-webm-vp8: 9c59270c3fd7afecdb556c50c9e8de78 -> 
  custom:audio-decoder-ogg-vorbis: bf7c407c2cedff20999df2af8eb42d56 -> 
  custom:audio-encoder-webm-vorbis: bf7c407c2cedff20999df2af8eb42d56 -> 
========================================================================
Received Prepare
Registering precompiled user dll's ...
Registered in 0.002044 seconds.
Begin MonoManager ReloadAssembly
Native extension for WindowsStandalone target not found
Native extension for WebGL target not found
Refreshing native plugins compatible for Editor in 0.53 ms, found 3 plugins.
Preloading 0 native plugins for Editor in 0.00 ms.
Mono: successfully reloaded assembly
- Completed reload, in  0.896 seconds
Domain Reload Profiling:
	ReloadAssembly (896ms)
		BeginReloadAssembly (118ms)
			ExecutionOrderSort (0ms)
			DisableScriptedObjects (5ms)
			BackupInstance (0ms)
			ReleaseScriptingObjects (0ms)
			CreateAndSetChildDomain (29ms)
		EndReloadAssembly (733ms)
			LoadAssemblies (99ms)
			RebuildTransferFunctionScriptingTraits (0ms)
			SetupTypeCache (236ms)
			ReleaseScriptCaches (1ms)
			RebuildScriptCaches (34ms)
			SetupLoadedEditorAssemblies (309ms)
				LogAssemblyErrors (0ms)
				InitializePlatformSupportModulesInManaged (5ms)
				SetLoadedEditorAssemblies (0ms)
				RefreshPlugins (1ms)
				BeforeProcessingInitializeOnLoad (60ms)
				ProcessInitializeOnLoadAttributes (237ms)
				ProcessInitializeOnLoadMethodAttributes (4ms)
				AfterProcessingInitializeOnLoad (3ms)
				EditorAssembliesLoaded (0ms)
			ExecutionOrderSort2 (0ms)
			AwakeInstancesAfterBackupRestoration (8ms)
Platform modules already initialized, skipping
Refreshing native plugins compatible for Editor in 0.44 ms, found 3 plugins.
Preloading 0 native plugins for Editor in 0.00 ms.
Unloading 2112 Unused Serialized files (Serialized files now loaded: 0)
System memory in use before: 94.7 MB.
System memory in use after: 94.7 MB.

Unloading 21 unused Assets to reduce memory usage. Loaded Objects now: 2557.
Total: 1.985800 ms (FindLiveObjects: 0.187600 ms CreateObjectMapping: 0.071500 ms MarkObjects: 1.630400 ms  DeleteObjects: 0.095700 ms)

AssetImportParameters requested are different than current active one (requested -> active):
  custom:framework-win-MediaFoundation: 216162199b28c13a410421893ffa2e32 -> 
  custom:video-decoder-ogg-theora: a1e56fd34408186e4bbccfd4996cb3dc -> 
  custom:container-muxer-webm: aa71ff27fc2769a1b78a27578f13a17b -> 
  custom:container-demuxer-webm: 4f35f7cbe854078d1ac9338744f61a02 -> 
  custom:container-demuxer-ogg: 62fdf1f143b41e24485cea50d1cbac27 -> 
  custom:video-encoder-webm-vp8: eb34c28f22e8b96e1ab97ce403110664 -> 
  custom:video-codec-MediaFoundation-h265: 746d11721c4dcdbdad8f713fa42b33f4 -> 
  custom:video-decoder-webm-vp8: 9c59270c3fd7afecdb556c50c9e8de78 -> 
  custom:audio-decoder-ogg-vorbis: bf7c407c2cedff20999df2af8eb42d56 -> 
  custom:audio-encoder-webm-vorbis: bf7c407c2cedff20999df2af8eb42d56 -> 
========================================================================
Received Import Request.
  Time since last request: 209.970056 seconds.
  path: Assets/Script/Menu Inicial/MenuInicial.cs
  artifactKey: Guid(90426fe02028d5840972bdc8d4c03564) Importer(815301076,1909f56bfc062723c751e8b465ee728b)
Start importing Assets/Script/Menu Inicial/MenuInicial.cs using Guid(90426fe02028d5840972bdc8d4c03564) Importer(815301076,1909f56bfc062723c751e8b465ee728b)  -> (artifact id: '64ba77bbfaefbb72eb5d75e70589e551') in 0.008054 seconds 
  Import took 0.011047 seconds .

========================================================================
Received Import Request.
  Time since last request: 0.044259 seconds.
  path: Assets/Script/Menu Inicial/MenuInicial.cs
  artifactKey: Guid(90426fe02028d5840972bdc8d4c03564) Importer(815301076,1909f56bfc062723c751e8b465ee728b)
Start importing Assets/Script/Menu Inicial/MenuInicial.cs using Guid(90426fe02028d5840972bdc8d4c03564) Importer(815301076,1909f56bfc062723c751e8b465ee728b)  -> (artifact id: '64ba77bbfaefbb72eb5d75e70589e551') in 0.002286 seconds 
  Import took 0.005521 seconds .

========================================================================
Received Import Request.
  Time since last request: 25.141326 seconds.
  path: Assets/Scenes/Jogo/Jogo.unity
  artifactKey: Guid(a9763391d64f60848973f6778b300cf1) Importer(815301076,1909f56bfc062723c751e8b465ee728b)
Start importing Assets/Scenes/Jogo/Jogo.unity using Guid(a9763391d64f60848973f6778b300cf1) Importer(815301076,1909f56bfc062723c751e8b465ee728b)  -> (artifact id: '8b09442507da3ef3bf56aaf6511e3d45') in 0.056835 seconds 
  Import took 0.059982 seconds .

========================================================================
Received Import Request.
  Time since last request: 62.828426 seconds.
  path: Assets/Assets Gerais
  artifactKey: Guid(1b4e66e39a8bf794ea69254e653ab1d4) Importer(815301076,1909f56bfc062723c751e8b465ee728b)
Start importing Assets/Assets Gerais using Guid(1b4e66e39a8bf794ea69254e653ab1d4) Importer(815301076,1909f56bfc062723c751e8b465ee728b)  -> (artifact id: '9ccebae8ea7b82db0bc3874fd0bbf1a9') in 0.007320 seconds 
  Import took 0.011129 seconds .

========================================================================
Received Import Request.
  Time since last request: 1.756854 seconds.
  path: Assets/Assets Gerais/Environment
  artifactKey: Guid(4745805f016401f47be3399b415dcbac) Importer(815301076,1909f56bfc062723c751e8b465ee728b)
Start importing Assets/Assets Gerais/Environment using Guid(4745805f016401f47be3399b415dcbac) Importer(815301076,1909f56bfc062723c751e8b465ee728b)  -> (artifact id: '1e77cb977c4185e2b7c06e6b3be34e1a') in 0.008074 seconds 
  Import took 0.012202 seconds .

========================================================================
Received Import Request.
  Time since last request: 17.844037 seconds.
  path: Assets/Assets Gerais/Environment/FoodBoat_Temporario.png
  artifactKey: Guid(b063af6de7a3e014bb15ff3d63de216d) Importer(815301076,1909f56bfc062723c751e8b465ee728b)
Start importing Assets/Assets Gerais/Environment/FoodBoat_Temporario.png using Guid(b063af6de7a3e014bb15ff3d63de216d) Importer(815301076,1909f56bfc062723c751e8b465ee728b)  -> (artifact id: '0c7ebb89fe9f0090330c02ec23411c1a') in 0.525599 seconds 
  Import took 0.532093 seconds .

========================================================================
Received Import Request.
  Time since last request: 37.695309 seconds.
  path: Assets/Assets Gerais/Ingredientes
  artifactKey: Guid(2966dbe96aaef7f4eaab54e9d275f9a4) Importer(815301076,1909f56bfc062723c751e8b465ee728b)
Start importing Assets/Assets Gerais/Ingredientes using Guid(2966dbe96aaef7f4eaab54e9d275f9a4) Importer(815301076,1909f56bfc062723c751e8b465ee728b)  -> (artifact id: 'e44c3c9c9bd6e1eaedc1b80275d6e9b9') in 0.008769 seconds 
  Import took 0.012275 seconds .

========================================================================
Received Import Request.
  Time since last request: 0.390697 seconds.
  path: Assets/Assets Gerais/Personagens
  artifactKey: Guid(acc085702a81e4f47b2ee381b2127db0) Importer(815301076,1909f56bfc062723c751e8b465ee728b)
Start importing Assets/Assets Gerais/Personagens using Guid(acc085702a81e4f47b2ee381b2127db0) Importer(815301076,1909f56bfc062723c751e8b465ee728b)  -> (artifact id: 'c39e2ac12c0448850a9b34e67c97f14b') in 0.007320 seconds 
  Import took 0.012257 seconds .

========================================================================
Received Import Request.
  Time since last request: 9.788292 seconds.
  path: Assets/Assets Gerais/Utensilios
  artifactKey: Guid(a47a7877ee5e5fe4680d99886bd1408e) Importer(815301076,1909f56bfc062723c751e8b465ee728b)
Start importing Assets/Assets Gerais/Utensilios using Guid(a47a7877ee5e5fe4680d99886bd1408e) Importer(815301076,1909f56bfc062723c751e8b465ee728b)  -> (artifact id: '748b429e4af5c5e573784ff3db5048a6') in 0.013524 seconds 
  Import took 0.019616 seconds .

========================================================================
Received Import Request.
  Time since last request: 189.144927 seconds.
  path: ProjectSettings/TagManager.asset
  artifactKey: Guid(00000000000000003000000000000000) Importer(815301076,1909f56bfc062723c751e8b465ee728b)
Start importing ProjectSettings/TagManager.asset using Guid(00000000000000003000000000000000) Importer(815301076,1909f56bfc062723c751e8b465ee728b)  -> (artifact id: '39ab77fb93b0099ff90d2856d5bc75ce') in 0.010451 seconds 
  Import took 0.138339 seconds .

========================================================================
Received Import Request.
  Time since last request: 88.979396 seconds.
  path: Assets/Assets Gerais/Utensilios/PILAO POTE INTEIRO.png
  artifactKey: Guid(b0f183d88c0666743a2c502ac7c63b39) Importer(815301076,1909f56bfc062723c751e8b465ee728b)
Start importing Assets/Assets Gerais/Utensilios/PILAO POTE INTEIRO.png using Guid(b0f183d88c0666743a2c502ac7c63b39) Importer(815301076,1909f56bfc062723c751e8b465ee728b)  -> (artifact id: '49d9897b7609a2ac249cd193c6bfbf33') in 0.075177 seconds 
  Import took 0.108950 seconds .

========================================================================
Received Import Request.
  Time since last request: 0.003726 seconds.
  path: Assets/Assets Gerais/Utensilios/PILAO POTE INTEIRO.png
  artifactKey: Guid(b0f183d88c0666743a2c502ac7c63b39) Importer(815301076,1909f56bfc062723c751e8b465ee728b)
Start importing Assets/Assets Gerais/Utensilios/PILAO POTE INTEIRO.png using Guid(b0f183d88c0666743a2c502ac7c63b39) Importer(815301076,1909f56bfc062723c751e8b465ee728b)  -> (artifact id: '49d9897b7609a2ac249cd193c6bfbf33') in 0.028301 seconds 
  Import took 0.032351 seconds .

========================================================================
Received Import Request.
  Time since last request: 28.017820 seconds.
  path: Assets/Assets Gerais/Utensilios/RALADOR.png
  artifactKey: Guid(ecd3770d49f783f49b155ed7ccd69988) Importer(815301076,1909f56bfc062723c751e8b465ee728b)
Start importing Assets/Assets Gerais/Utensilios/RALADOR.png using Guid(ecd3770d49f783f49b155ed7ccd69988) Importer(815301076,1909f56bfc062723c751e8b465ee728b)  -> (artifact id: 'c26a9b0fd58a1299e3871fd2ee9bb7aa') in 0.032716 seconds 
  Import took 0.043632 seconds .

========================================================================
Received Import Request.
  Time since last request: 26.010867 seconds.
  path: Assets/Assets Gerais/Utensilios/PILAO AMASSADOR.png
  artifactKey: Guid(35b1682cd4b7b214eb43d5b7794b83aa) Importer(815301076,1909f56bfc062723c751e8b465ee728b)
Start importing Assets/Assets Gerais/Utensilios/PILAO AMASSADOR.png using Guid(35b1682cd4b7b214eb43d5b7794b83aa) Importer(815301076,1909f56bfc062723c751e8b465ee728b)  -> (artifact id: 'c3ff2d7149a7551ce60e81cf7fe299f8') in 0.041233 seconds 
  Import took 0.299875 seconds .

========================================================================
Received Import Request.
  Time since last request: 0.000438 seconds.
  path: Assets/Assets Gerais/Utensilios/PILAO AMASSADOR.png
  artifactKey: Guid(35b1682cd4b7b214eb43d5b7794b83aa) Importer(815301076,1909f56bfc062723c751e8b465ee728b)
Start importing Assets/Assets Gerais/Utensilios/PILAO AMASSADOR.png using Guid(35b1682cd4b7b214eb43d5b7794b83aa) Importer(815301076,1909f56bfc062723c751e8b465ee728b)  -> (artifact id: 'c3ff2d7149a7551ce60e81cf7fe299f8') in 0.200453 seconds 
  Import took 0.204151 seconds .

========================================================================
Received Import Request.
  Time since last request: 49.519193 seconds.
  path: Assets/Assets Gerais/Utensilios/TABUA.png
  artifactKey: Guid(1eca01e59911a4d4a95ce4fc705795bd) Importer(815301076,1909f56bfc062723c751e8b465ee728b)
Start importing Assets/Assets Gerais/Utensilios/TABUA.png using Guid(1eca01e59911a4d4a95ce4fc705795bd) Importer(815301076,1909f56bfc062723c751e8b465ee728b)  -> (artifact id: '2f314dafe41c97b7b785bb8a0d81c382') in 0.023731 seconds 
  Import took 0.072851 seconds .

========================================================================
Received Import Request.
  Time since last request: 0.004711 seconds.
  path: Assets/Assets Gerais/Utensilios/TABUA.png
  artifactKey: Guid(1eca01e59911a4d4a95ce4fc705795bd) Importer(815301076,1909f56bfc062723c751e8b465ee728b)
Start importing Assets/Assets Gerais/Utensilios/TABUA.png using Guid(1eca01e59911a4d4a95ce4fc705795bd) Importer(815301076,1909f56bfc062723c751e8b465ee728b)  -> (artifact id: '2f314dafe41c97b7b785bb8a0d81c382') in 0.189725 seconds 
  Import took 0.192721 seconds .

========================================================================
Received Import Request.
  Time since last request: 853.435706 seconds.
  path: Assets/Script/Jogo_UI
  artifactKey: Guid(379a1478f6b45284ba95a188939102cb) Importer(815301076,1909f56bfc062723c751e8b465ee728b)
Start importing Assets/Script/Jogo_UI using Guid(379a1478f6b45284ba95a188939102cb) Importer(815301076,1909f56bfc062723c751e8b465ee728b)  -> (artifact id: '4963b05c2e293ba3e9a2af009ebd786a') in 0.010842 seconds 
  Import took 0.015319 seconds .

========================================================================
Received Import Request.
  Time since last request: 4.841493 seconds.
  path: Assets/Script/JogUI
  artifactKey: Guid(379a1478f6b45284ba95a188939102cb) Importer(815301076,1909f56bfc062723c751e8b465ee728b)
Start importing Assets/Script/JogUI using Guid(379a1478f6b45284ba95a188939102cb) Importer(815301076,1909f56bfc062723c751e8b465ee728b)  -> (artifact id: '88fd3923e3d0e7f0c0f3a113a7ec8a2e') in 0.012852 seconds 
  Import took 0.017820 seconds .

========================================================================
Received Import Request.
  Time since last request: 4.620468 seconds.
  path: Assets/Script/JogoUI
  artifactKey: Guid(379a1478f6b45284ba95a188939102cb) Importer(815301076,1909f56bfc062723c751e8b465ee728b)
Start importing Assets/Script/JogoUI using Guid(379a1478f6b45284ba95a188939102cb) Importer(815301076,1909f56bfc062723c751e8b465ee728b)  -> (artifact id: '665f0282e8ab4f09f446d5208770349c') in 0.009628 seconds 
  Import took 0.014358 seconds .

========================================================================
Received Import Request.
  Time since last request: 24.444727 seconds.
  path: Assets/Script/JogoUI/JogoUILvl01.cs
  artifactKey: Guid(bc3e881680278754ea293a3d2e409904) Importer(815301076,1909f56bfc062723c751e8b465ee728b)
Start importing Assets/Script/JogoUI/JogoUILvl01.cs using Guid(bc3e881680278754ea293a3d2e409904) Importer(815301076,1909f56bfc062723c751e8b465ee728b)  -> (artifact id: '31aa44ab128c0481a6e8b1cfe2ef4aa0') in 0.137788 seconds 
  Import took 0.142066 seconds .

========================================================================
Received Prepare
Registering precompiled user dll's ...
Registered in 0.222983 seconds.
Begin MonoManager ReloadAssembly
Native extension for WindowsStandalone target not found
Native extension for WebGL target not found
Refreshing native plugins compatible for Editor in 0.45 ms, found 3 plugins.
Preloading 0 native plugins for Editor in 0.00 ms.
Mono: successfully reloaded assembly
- Completed reload, in  5.162 seconds
Domain Reload Profiling:
	ReloadAssembly (5266ms)
		BeginReloadAssembly (2055ms)
			ExecutionOrderSort (0ms)
			DisableScriptedObjects (555ms)
			BackupInstance (0ms)
			ReleaseScriptingObjects (0ms)
			CreateAndSetChildDomain (1005ms)
		EndReloadAssembly (3039ms)
			LoadAssemblies (1604ms)
			RebuildTransferFunctionScriptingTraits (0ms)
			SetupTypeCache (406ms)
			ReleaseScriptCaches (1ms)
			RebuildScriptCaches (54ms)
			SetupLoadedEditorAssemblies (634ms)
				LogAssemblyErrors (0ms)
				InitializePlatformSupportModulesInManaged (5ms)
				SetLoadedEditorAssemblies (0ms)
				RefreshPlugins (0ms)
				BeforeProcessingInitializeOnLoad (129ms)
				ProcessInitializeOnLoadAttributes (493ms)
				ProcessInitializeOnLoadMethodAttributes (4ms)
				AfterProcessingInitializeOnLoad (2ms)
				EditorAssembliesLoaded (0ms)
			ExecutionOrderSort2 (0ms)
			AwakeInstancesAfterBackupRestoration (9ms)
Platform modules already initialized, skipping
Refreshing native plugins compatible for Editor in 0.52 ms, found 3 plugins.
Preloading 0 native plugins for Editor in 0.00 ms.
Unloading 2113 Unused Serialized files (Serialized files now loaded: 0)
System memory in use before: 97.7 MB.
System memory in use after: 97.7 MB.

Unloading 22 unused Assets to reduce memory usage. Loaded Objects now: 2575.
Total: 16.763700 ms (FindLiveObjects: 0.228400 ms CreateObjectMapping: 0.087000 ms MarkObjects: 16.349400 ms  DeleteObjects: 0.097900 ms)

AssetImportParameters requested are different than current active one (requested -> active):
  custom:framework-win-MediaFoundation: 216162199b28c13a410421893ffa2e32 -> 
  custom:video-decoder-ogg-theora: a1e56fd34408186e4bbccfd4996cb3dc -> 
  custom:container-muxer-webm: aa71ff27fc2769a1b78a27578f13a17b -> 
  custom:container-demuxer-webm: 4f35f7cbe854078d1ac9338744f61a02 -> 
  custom:container-demuxer-ogg: 62fdf1f143b41e24485cea50d1cbac27 -> 
  custom:video-encoder-webm-vp8: eb34c28f22e8b96e1ab97ce403110664 -> 
  custom:video-codec-MediaFoundation-h265: 746d11721c4dcdbdad8f713fa42b33f4 -> 
  custom:video-decoder-webm-vp8: 9c59270c3fd7afecdb556c50c9e8de78 -> 
  custom:audio-decoder-ogg-vorbis: bf7c407c2cedff20999df2af8eb42d56 -> 
  custom:audio-encoder-webm-vorbis: bf7c407c2cedff20999df2af8eb42d56 -> 
========================================================================
Received Prepare
Registering precompiled user dll's ...
Registered in 0.065786 seconds.
Begin MonoManager ReloadAssembly
Native extension for WindowsStandalone target not found
Native extension for WebGL target not found
Refreshing native plugins compatible for Editor in 0.42 ms, found 3 plugins.
Preloading 0 native plugins for Editor in 0.00 ms.
Mono: successfully reloaded assembly
- Completed reload, in  1.047 seconds
Domain Reload Profiling:
	ReloadAssembly (1047ms)
		BeginReloadAssembly (134ms)
			ExecutionOrderSort (0ms)
			DisableScriptedObjects (5ms)
			BackupInstance (0ms)
			ReleaseScriptingObjects (0ms)
			CreateAndSetChildDomain (77ms)
		EndReloadAssembly (867ms)
			LoadAssemblies (93ms)
			RebuildTransferFunctionScriptingTraits (0ms)
			SetupTypeCache (262ms)
			ReleaseScriptCaches (1ms)
			RebuildScriptCaches (41ms)
			SetupLoadedEditorAssemblies (356ms)
				LogAssemblyErrors (0ms)
				InitializePlatformSupportModulesInManaged (5ms)
				SetLoadedEditorAssemblies (0ms)
				RefreshPlugins (0ms)
				BeforeProcessingInitializeOnLoad (71ms)
				ProcessInitializeOnLoadAttributes (274ms)
				ProcessInitializeOnLoadMethodAttributes (4ms)
				AfterProcessingInitializeOnLoad (2ms)
				EditorAssembliesLoaded (0ms)
			ExecutionOrderSort2 (0ms)
			AwakeInstancesAfterBackupRestoration (9ms)
Platform modules already initialized, skipping
Refreshing native plugins compatible for Editor in 0.49 ms, found 3 plugins.
Preloading 0 native plugins for Editor in 0.00 ms.
Unloading 2113 Unused Serialized files (Serialized files now loaded: 0)
System memory in use before: 97.7 MB.
System memory in use after: 97.7 MB.

Unloading 21 unused Assets to reduce memory usage. Loaded Objects now: 2578.
Total: 2.846300 ms (FindLiveObjects: 0.340900 ms CreateObjectMapping: 0.116200 ms MarkObjects: 2.246700 ms  DeleteObjects: 0.141300 ms)

AssetImportParameters requested are different than current active one (requested -> active):
  custom:framework-win-MediaFoundation: 216162199b28c13a410421893ffa2e32 -> 
  custom:video-decoder-ogg-theora: a1e56fd34408186e4bbccfd4996cb3dc -> 
  custom:container-muxer-webm: aa71ff27fc2769a1b78a27578f13a17b -> 
  custom:container-demuxer-webm: 4f35f7cbe854078d1ac9338744f61a02 -> 
  custom:container-demuxer-ogg: 62fdf1f143b41e24485cea50d1cbac27 -> 
  custom:video-encoder-webm-vp8: eb34c28f22e8b96e1ab97ce403110664 -> 
  custom:video-codec-MediaFoundation-h265: 746d11721c4dcdbdad8f713fa42b33f4 -> 
  custom:video-decoder-webm-vp8: 9c59270c3fd7afecdb556c50c9e8de78 -> 
  custom:audio-decoder-ogg-vorbis: bf7c407c2cedff20999df2af8eb42d56 -> 
  custom:audio-encoder-webm-vorbis: bf7c407c2cedff20999df2af8eb42d56 -> 
========================================================================
Received Prepare
Registering precompiled user dll's ...
Registered in 0.002280 seconds.
Begin MonoManager ReloadAssembly
Native extension for WindowsStandalone target not found
Native extension for WebGL target not found
Refreshing native plugins compatible for Editor in 0.68 ms, found 3 plugins.
Preloading 0 native plugins for Editor in 0.00 ms.
Mono: successfully reloaded assembly
- Completed reload, in  1.006 seconds
Domain Reload Profiling:
	ReloadAssembly (1007ms)
		BeginReloadAssembly (95ms)
			ExecutionOrderSort (0ms)
			DisableScriptedObjects (5ms)
			BackupInstance (0ms)
			ReleaseScriptingObjects (0ms)
			CreateAndSetChildDomain (31ms)
		EndReloadAssembly (859ms)
			LoadAssemblies (81ms)
			RebuildTransferFunctionScriptingTraits (0ms)
			SetupTypeCache (264ms)
			ReleaseScriptCaches (1ms)
			RebuildScriptCaches (42ms)
			SetupLoadedEditorAssemblies (357ms)
				LogAssemblyErrors (0ms)
				InitializePlatformSupportModulesInManaged (5ms)
				SetLoadedEditorAssemblies (0ms)
				RefreshPlugins (1ms)
				BeforeProcessingInitializeOnLoad (72ms)
				ProcessInitializeOnLoadAttributes (271ms)
				ProcessInitializeOnLoadMethodAttributes (5ms)
				AfterProcessingInitializeOnLoad (2ms)
				EditorAssembliesLoaded (0ms)
			ExecutionOrderSort2 (0ms)
			AwakeInstancesAfterBackupRestoration (11ms)
Platform modules already initialized, skipping
Refreshing native plugins compatible for Editor in 0.75 ms, found 3 plugins.
Preloading 0 native plugins for Editor in 0.00 ms.
Unloading 2113 Unused Serialized files (Serialized files now loaded: 0)
System memory in use before: 97.7 MB.
System memory in use after: 97.7 MB.

Unloading 21 unused Assets to reduce memory usage. Loaded Objects now: 2581.
Total: 4.259100 ms (FindLiveObjects: 0.202500 ms CreateObjectMapping: 0.188800 ms MarkObjects: 3.373000 ms  DeleteObjects: 0.493400 ms)

AssetImportParameters requested are different than current active one (requested -> active):
  custom:framework-win-MediaFoundation: 216162199b28c13a410421893ffa2e32 -> 
  custom:video-decoder-ogg-theora: a1e56fd34408186e4bbccfd4996cb3dc -> 
  custom:container-muxer-webm: aa71ff27fc2769a1b78a27578f13a17b -> 
  custom:container-demuxer-webm: 4f35f7cbe854078d1ac9338744f61a02 -> 
  custom:container-demuxer-ogg: 62fdf1f143b41e24485cea50d1cbac27 -> 
  custom:video-encoder-webm-vp8: eb34c28f22e8b96e1ab97ce403110664 -> 
  custom:video-codec-MediaFoundation-h265: 746d11721c4dcdbdad8f713fa42b33f4 -> 
  custom:video-decoder-webm-vp8: 9c59270c3fd7afecdb556c50c9e8de78 -> 
  custom:audio-decoder-ogg-vorbis: bf7c407c2cedff20999df2af8eb42d56 -> 
  custom:audio-encoder-webm-vorbis: bf7c407c2cedff20999df2af8eb42d56 -> 
========================================================================
Received Prepare
Registering precompiled user dll's ...
Registered in 0.002127 seconds.
Begin MonoManager ReloadAssembly
Native extension for WindowsStandalone target not found
Native extension for WebGL target not found
Refreshing native plugins compatible for Editor in 0.66 ms, found 3 plugins.
Preloading 0 native plugins for Editor in 0.00 ms.
Mono: successfully reloaded assembly
- Completed reload, in  0.989 seconds
Domain Reload Profiling:
	ReloadAssembly (989ms)
		BeginReloadAssembly (107ms)
			ExecutionOrderSort (0ms)
			DisableScriptedObjects (5ms)
			BackupInstance (0ms)
			ReleaseScriptingObjects (0ms)
			CreateAndSetChildDomain (49ms)
		EndReloadAssembly (829ms)
			LoadAssemblies (70ms)
			RebuildTransferFunctionScriptingTraits (0ms)
			SetupTypeCache (246ms)
			ReleaseScriptCaches (1ms)
			RebuildScriptCaches (36ms)
			SetupLoadedEditorAssemblies (387ms)
				LogAssemblyErrors (0ms)
				InitializePlatformSupportModulesInManaged (5ms)
				SetLoadedEditorAssemblies (0ms)
				RefreshPlugins (1ms)
				BeforeProcessingInitializeOnLoad (68ms)
				ProcessInitializeOnLoadAttributes (307ms)
				ProcessInitializeOnLoadMethodAttributes (4ms)
				AfterProcessingInitializeOnLoad (2ms)
				EditorAssembliesLoaded (0ms)
			ExecutionOrderSort2 (0ms)
			AwakeInstancesAfterBackupRestoration (9ms)
Platform modules already initialized, skipping
Refreshing native plugins compatible for Editor in 0.44 ms, found 3 plugins.
Preloading 0 native plugins for Editor in 0.00 ms.
Unloading 2113 Unused Serialized files (Serialized files now loaded: 0)
System memory in use before: 97.8 MB.
System memory in use after: 97.7 MB.

Unloading 21 unused Assets to reduce memory usage. Loaded Objects now: 2584.
Total: 2.129000 ms (FindLiveObjects: 0.185500 ms CreateObjectMapping: 0.085500 ms MarkObjects: 1.752600 ms  DeleteObjects: 0.104600 ms)

AssetImportParameters requested are different than current active one (requested -> active):
  custom:framework-win-MediaFoundation: 216162199b28c13a410421893ffa2e32 -> 
  custom:video-decoder-ogg-theora: a1e56fd34408186e4bbccfd4996cb3dc -> 
  custom:container-muxer-webm: aa71ff27fc2769a1b78a27578f13a17b -> 
  custom:container-demuxer-webm: 4f35f7cbe854078d1ac9338744f61a02 -> 
  custom:container-demuxer-ogg: 62fdf1f143b41e24485cea50d1cbac27 -> 
  custom:video-encoder-webm-vp8: eb34c28f22e8b96e1ab97ce403110664 -> 
  custom:video-codec-MediaFoundation-h265: 746d11721c4dcdbdad8f713fa42b33f4 -> 
  custom:video-decoder-webm-vp8: 9c59270c3fd7afecdb556c50c9e8de78 -> 
  custom:audio-decoder-ogg-vorbis: bf7c407c2cedff20999df2af8eb42d56 -> 
  custom:audio-encoder-webm-vorbis: bf7c407c2cedff20999df2af8eb42d56 -> 
